[debug] [2022-11-10T17:07:52.154Z] ----------------------------------------------------------------------
[debug] [2022-11-10T17:07:52.158Z] Command:       C:\Program Files\nodejs\node.exe C:\Users\user\AppData\Roaming\npm\node_modules\firebase-tools\lib\bin\firebase.js init
[debug] [2022-11-10T17:07:52.160Z] CLI Version:   11.16.0
[debug] [2022-11-10T17:07:52.160Z] Platform:      win32
[debug] [2022-11-10T17:07:52.160Z] Node Version:  v16.16.0
[debug] [2022-11-10T17:07:52.162Z] Time:          Thu Nov 10 2022 23:07:52 GMT+0600 (Bangladesh Standard Time)
[debug] [2022-11-10T17:07:52.163Z] ----------------------------------------------------------------------
[debug] 
[debug] [2022-11-10T17:07:52.177Z] > command requires scopes: ["email","openid","https://www.googleapis.com/auth/cloudplatformprojects.readonly","https://www.googleapis.com/auth/firebase","https://www.googleapis.com/auth/cloud-platform"]
[debug] [2022-11-10T17:07:52.178Z] > authorizing via signed-in user (ahmednafisa11@gmail.com)
[info] 
     ######## #### ########  ######## ########     ###     ######  ########
     ##        ##  ##     ## ##       ##     ##  ##   ##  ##       ##
     ######    ##  ########  ######   ########  #########  ######  ######
     ##        ##  ##    ##  ##       ##     ## ##     ##       ## ##
     ##       #### ##     ## ######## ########  ##     ##  ######  ########

You're about to initialize a Firebase project in this directory:

  D:\Web Development\Assignments\Assignment 11\shutters-client

[info] 
=== Project Setup
[info] 
[info] First, let's associate this project directory with a Firebase project.
[info] You can create multiple project aliases by running firebase use --add, 
[info] but for now we'll just set up a default project.
[info] 
[debug] [2022-11-10T17:08:05.238Z] >>> [apiv2][query] GET https://firebase.googleapis.com/v1beta1/projects pageSize=100
[debug] [2022-11-10T17:08:06.309Z] <<< [apiv2][status] GET https://firebase.googleapis.com/v1beta1/projects 200
[debug] [2022-11-10T17:08:06.312Z] <<< [apiv2][body] GET https://firebase.googleapis.com/v1beta1/projects [omitted]
